Pdfview/build/outputs/mapping/release/seeds.txt
com.xuanyuan.pdfviewer.R: R()
com.xuanyuan.pdfviewer.R$id: int end_padder
com.xuanyuan.pdfviewer.R$drawable: int default_scroll_handle_left
com.xuanyuan.pdfviewer.R$id: int cancel_action
com.xuanyuan.pdfviewer.R$dimen: int compat_button_inset_vertical_material
com.xuanyuan.pdfviewer.R$id: int status_bar_latest_event_content
com.xuanyuan.pdfviewer.R$attr: int fontProviderFetchTimeout
com.xuanyuan.pdfviewer.R$id: int accessibility_custom_action_4
com.xuanyuan.pdfviewer.R$attr: int fontProviderPackage
com.xuanyuan.pdfviewer.R$string: int status_bar_notification_info_overflow
com.xuanyuan.pdfviewer.R$id: int line1
com.xuanyuan.pdfviewer.R$layout: int notification_media_action
com.xuanyuan.pdfviewer.R$dimen: int notification_right_icon_size
com.xuanyuan.pdfviewer.R$drawable: int notification_icon_background
com.xuanyuan.pdfviewer.R$styleable: int FontFamilyFont_android_ttcIndex
com.xuanyuan.pdfviewer.R$styleable: int GradientColorItem_android_offset
com.xuanyuan.pdfviewer.R$style
com.xuanyuan.pdfviewer.R$styleable: int FontFamilyFont_android_font
com.xuanyuan.pdfviewer.scroll.DefaultScrollHandle
com.xuanyuan.pdfviewer.R$id: int forever
com.xuanyuan.pdfviewer.util.FitPolicy: com.xuanyuan.pdfviewer.util.FitPolicy valueOf(java.lang.String)
com.xuanyuan.pdfviewer.R$styleable: int GradientColor_android_centerColor
com.xuanyuan.pdfviewer.R$styleable: int ScrollBar_sb_indicatorColor
com.xuanyuan.pdfviewer.R$dimen: int notification_right_side_padding_top
com.xuanyuan.pdfviewer.R$color: int androidx_core_ripple_material_light
com.xuanyuan.pdfviewer.R$color: int androidx_core_secondary_text_default_material_light
com.xuanyuan.pdfviewer.R$style: int Widget_Compat_NotificationActionText
com.xuanyuan.pdfviewer.R$styleable: int ColorStateListItem_android_color
com.xuanyuan.pdfviewer.R$attr: R$attr()
com.xuanyuan.pdfviewer.R
com.xuanyuan.pdfviewer.R$id: int accessibility_custom_action_5
com.xuanyuan.pdfviewer.R$dimen: int notification_small_icon_size_as_large
com.xuanyuan.pdfviewer.R$styleable
com.xuanyuan.pdfviewer.R$styleable: int[] GradientColorItem
com.xuanyuan.pdfviewer.R$drawable: int notification_bg_low_normal
com.xuanyuan.pdfviewer.R$styleable: int FontFamily_fontProviderPackage
com.xuanyuan.pdfviewer.R$id: int action_divider
com.xuanyuan.pdfviewer.R$attr: int fontProviderAuthority
com.xuanyuan.pdfviewer.R$id: int accessibility_custom_action_7
com.xuanyuan.pdfviewer.R$id: int accessibility_custom_action_30
com.xuanyuan.pdfviewer.R$id: int accessibility_custom_action_31
com.xuanyuan.pdfviewer.R$dimen: int compat_notification_large_icon_max_height
com.xuanyuan.pdfviewer.R$id: int accessibility_custom_action_13
com.xuanyuan.pdfviewer.R$layout: int notification_template_part_chronometer
com.xuanyuan.pdfviewer.R$styleable: int GradientColor_android_tileMode
com.xuanyuan.pdfviewer.R$dimen: int notification_small_icon_background_padding
com.xuanyuan.pdfviewer.R$drawable: int notification_bg_normal
com.xuanyuan.pdfviewer.R$id: int title
com.xuanyuan.pdfviewer.R$layout: R$layout()
com.xuanyuan.pdfviewer.R$id: R$id()
com.xuanyuan.pdfviewer.R$dimen: int notification_large_icon_width
com.xuanyuan.pdfviewer.R$integer: R$integer()
com.xuanyuan.pdfviewer.R$color: int secondary_text_default_material_dark
com.xuanyuan.pdfviewer.R$drawable: int notify_panel_notification_icon_bg
com.xuanyuan.pdfviewer.R$styleable: int GradientColor_android_endColor
com.xuanyuan.pdfviewer.R$color: R$color()
com.xuanyuan.pdfviewer.R$attr: int sb_horizontal
com.xuanyuan.pdfviewer.R$layout
com.xuanyuan.pdfviewer.R$id: int tag_unhandled_key_event_manager
com.xuanyuan.pdfviewer.scroll.DefaultScrollHandle: void setTextSize(int)
com.xuanyuan.pdfviewer.R$id: int accessibility_custom_action_19
com.xuanyuan.pdfviewer.R$id: int accessibility_custom_action_16
com.xuanyuan.pdfviewer.R$style: int TextAppearance_Compat_Notification_Time_Media
com.xuanyuan.pdfviewer.scroll.DefaultScrollHandle: DefaultScrollHandle(android.content.Context)
...
com.xuanyuan.pdf.PDFView: void computeScroll()
com.xuanyuan.pdf.PDFView: boolean autoSpacing
com.xuanyuan.pdf.PDFView: float snapOffsetForPage(int,com.xuanyuan.pdfviewer.util.SnapEdge)
com.xuanyuan.pdf.PDFView: void onDraw(android.graphics.Canvas)
com.xuanyuan.pdf.PDFView$Configurator: PDFView$Configurator(com.xuanyuan.pdf.PDFView,com.xuanyuan.pdfviewer.source.DocumentSource)
com.xuanyuan.pdf.PDFView$State: com.xuanyuan.pdf.PDFView$State SHOWN
com.xuanyuan.pdf.PDFView$Configurator: com.xuanyuan.pdf.PDFView$Configurator onTap(com.xuanyuan.pdfviewer.listener.OnTapListener)
com.xuanyuan.pdf.PDFView$Configurator: com.xuanyuan.pdf.PDFView$Configurator enableAnnotationRendering(boolean)
com.xuanyuan.pdf.PDFView$Configurator: com.xuanyuan.pdf.PDFView$Configurator scrollHandle(com.xuanyuan.pdfviewer.scroll.ScrollHandle)
com.xuanyuan.pdf.PDFView$Configurator: boolean pageSnap
com.xuanyuan.pdf.PDFView: void onSizeChanged(int,int,int,int)
com.xuanyuan.pdf.PDFView: void jumpTo(int,boolean)
com.xuanyuan.pdf.PDFView: boolean documentFitsView()
com.xuanyuan.pdf.PDFView: boolean canScrollHorizontally(int)
com.xuanyuan.pdf.PDFView$State
com.xuanyuan.pdf.PDFView: boolean renderDuringScale
com.xuanyuan.pdf.PDFView: float DEFAULT_MID_SCALE
com.xuanyuan.pdf.PDFView: void loadPages()
com.xuanyuan.pdf.PDFView: void showPage(int)
com.xuanyuan.pdf.PDFView: void setSwipeEnabled(boolean)
com.xuanyuan.pdf.PDFView: com.xuanyuan.pdf.PDFView$Configurator waitingDocumentConfigurator
com.xuanyuan.pdf.PDFView: boolean fitEachPage
com.xuanyuan.pdf.PdfViewHelper: void showPdf(byte[],com.xuanyuan.pdf.PDFView)
com.xuanyuan.pdf.PDFView: void load(com.xuanyuan.pdfviewer.source.DocumentSource,java.lang.String)
com.xuanyuan.pdf.PDFView: boolean swipeVertical
com.xuanyuan.pdf.PDFView: void setAutoSpacing(boolean)
com.xuanyuan.pdf.PDFView: float maxZoom
com.xuanyuan.pdf.PDFView$ScrollDir
com.xuanyuan.pdf.PDFView: int defaultPage
com.xuanyuan.pdf.PDFView: void setMidZoom(float)
com.xuanyuan.pdf.PDFView: com.xuanyuan.pdfviewer.DecodingAsyncTask decodingAsyncTask
com.xuanyuan.pdf.PDFView: void resetZoom()
com.xuanyuan.pdf.PDFView$Configurator: com.xuanyuan.pdf.PDFView$Configurator enableDoubletap(boolean)
com.xuanyuan.pdf.PDFView: boolean recycled
com.xuanyuan.pdf.PDFView$State: com.xuanyuan.pdf.PDFView$State LOADED
com.xuanyuan.pdf.PDFView: int getPageCount()
com.xuanyuan.pdf.PDFView: void access$600(com.xuanyuan.pdf.PDFView,com.xuanyuan.pdfviewer.scroll.ScrollHandle)
com.xuanyuan.pdf.PDFView: android.graphics.PaintFlagsDrawFilter antialiasFilter
com.xuanyuan.pdf.PDFView$Configurator: com.xuanyuan.pdf.PDFView$Configurator pageSnap(boolean)
com.xuanyuan.pdf.PDFView: void enableAntialiasing(boolean)
com.xuanyuan.pdf.PDFView: void useBestQuality(boolean)
com.xuanyuan.pdf.PDFView: boolean access$200(com.xuanyuan.pdf.PDFView)
com.xuanyuan.pdf.PDFView$Configurator: com.xuanyuan.pdfviewer.scroll.ScrollHandle scrollHandle
com.xuanyuan.pdf.PDFView: void access$1000(com.xuanyuan.pdf.PDFView,boolean)
com.xuanyuan.pdf.PDFView: boolean doRenderDuringScale()
com.xuanyuan.pdf.PDFView$Configurator: com.xuanyuan.pdf.PDFView this$0
com.xuanyuan.pdf.PDFView: float DEFAULT_MIN_SCALE
com.xuanyuan.pdf.PdfViewHelper: java.io.InputStream input
com.xuanyuan.pdf.PDFView: void access$400(com.xuanyuan.pdf.PDFView,int)
com.xuanyuan.pdf.PDFView: com.xuanyuan.pdfviewer.util.FitPolicy getPageFitPolicy()
com.xuanyuan.pdf.PDFView: void resetZoomWithAnimation()
com.xuanyuan.pdf.PDFView: void moveTo(float,float,boolean)
com.xuanyuan.pdf.PdfViewHelper$SingletonHolder
com.xuanyuan.pdf.PDFView: void setFitEachPage(boolean)
com.xuanyuan.pdf.PDFView$Configurator: com.xuanyuan.pdfviewer.listener.OnLoadCompleteListener onLoadCompleteListener
com.xuanyuan.pdf.PDFView: java.util.List getLinks(int)
com.xuanyuan.pdf.PDFView: float currentYOffset
com.xuanyuan.pdf.PDFView: void setMinZoom(float)
com.xuanyuan.pdf.PdfViewHelper: void showPdf(com.xuanyuan.pdfviewer.source.DocumentSource,com.xuanyuan.pdf.PDFView)