Pdfview/build/outputs/mapping/release/mapping.txt
# compiler: R8
# compiler_version: 2.1.86
# pg_map_id: f23e77f
# common_typos_disable
com.xuanyuan.pdfviewer.AnimationManager -> a.a.a.a:
    com.xuanyuan.pdf.PDFView pdfView -> a
    boolean pageFlinging -> e
    android.animation.ValueAnimator animation -> b
    android.widget.OverScroller scroller -> c
    boolean flinging -> d
    1:1:void <init>(com.xuanyuan.pdf.PDFView):48:48 -> <init>
    2:8:void <init>(com.xuanyuan.pdf.PDFView):44:50 -> <init>
    1:1:boolean access$102(com.xuanyuan.pdfviewer.AnimationManager,boolean):36:36 -> a
    2:9:void startXAnimation(float,float):54:61 -> a
    10:17:void startZoomAnimation(float,float,float,float):76:83 -> a
    18:22:void stopAll():114:118 -> a
    23:24:void hideHandle():218:219 -> a
    23:24:void access$200(com.xuanyuan.pdfviewer.AnimationManager):36 -> a
    1:8:void startYAnimation(float,float):65:72 -> b
    9:10:void stopFling():122:123 -> b
com.xuanyuan.pdfviewer.AnimationManager$XAnimation -> a.a.a.a$a:
    com.xuanyuan.pdfviewer.AnimationManager this$0 -> a
    1:1:void <init>(com.xuanyuan.pdfviewer.AnimationManager):130:130 -> <init>
    1:1:void onAnimationCancel(android.animation.Animator):141:141 -> onAnimationCancel
    2:2:com.xuanyuan.pdf.PDFView com.xuanyuan.pdfviewer.AnimationManager.access$000(com.xuanyuan.pdfviewer.AnimationManager):36:36 -> onAnimationCancel
    2:2:void onAnimationCancel(android.animation.Animator):141 -> onAnimationCancel
    3:5:void onAnimationCancel(android.animation.Animator):141:143 -> onAnimationCancel
    1:1:void onAnimationEnd(android.animation.Animator):148:148 -> onAnimationEnd
    2:2:com.xuanyuan.pdf.PDFView com.xuanyuan.pdfviewer.AnimationManager.access$000(com.xuanyuan.pdfviewer.AnimationManager):36:36 -> onAnimationEnd
    2:2:void onAnimationEnd(android.animation.Animator):148 -> onAnimationEnd
    3:5:void onAnimationEnd(android.animation.Animator):148:150 -> onAnimationEnd
    1:2:void onAnimationUpdate(android.animation.ValueAnimator):134:135 -> onAnimationUpdate
    3:3:com.xuanyuan.pdf.PDFView com.xuanyuan.pdfviewer.AnimationManager.access$000(com.xuanyuan.pdfviewer.AnimationManager):36:36 -> onAnimationUpdate
    3:3:void onAnimationUpdate(android.animation.ValueAnimator):135 -> onAnimationUpdate
    4:5:void onAnimationUpdate(android.animation.ValueAnimator):135:136 -> onAnimationUpdate
com.xuanyuan.pdfviewer.AnimationManager$YAnimation -> a.a.a.a$b:
    com.xuanyuan.pdfviewer.AnimationManager this$0 -> a
    1:1:void <init>(com.xuanyuan.pdfviewer.AnimationManager):154:154 -> <init>
    1:1:void onAnimationCancel(android.animation.Animator):165:165 -> onAnimationCancel
    2:2:com.xuanyuan.pdf.PDFView com.xuanyuan.pdfviewer.AnimationManager.access$000(com.xuanyuan.pdfviewer.AnimationManager):36:36 -> onAnimationCancel
    2:2:void onAnimationCancel(android.animation.Animator):165 -> onAnimationCancel
    3:5:void onAnimationCancel(android.animation.Animator):165:167 -> onAnimationCancel
    1:1:void onAnimationEnd(android.animation.Animator):172:172 -> onAnimationEnd
    2:2:com.xuanyuan.pdf.PDFView com.xuanyuan.pdfviewer.AnimationManager.access$000(com.xuanyuan.pdfviewer.AnimationManager):36:36 -> onAnimationEnd
    2:2:void onAnimationEnd(android.animation.Animator):172 -> onAnimationEnd
    3:5:void onAnimationEnd(android.animation.Animator):172:174 -> onAnimationEnd
    1:2:void onAnimationUpdate(android.animation.ValueAnimator):158:159 -> onAnimationUpdate
    3:3:com.xuanyuan.pdf.PDFView com.xuanyuan.pdfviewer.AnimationManager.access$000(com.xuanyuan.pdfviewer.AnimationManager):36:36 -> onAnimationUpdate
    3:3:void onAnimationUpdate(android.animation.ValueAnimator):159 -> onAnimationUpdate
    4:5:void onAnimationUpdate(android.animation.ValueAnimator):159:160 -> onAnimationUpdate
...
com.xuanyuan.pdf.PDFView -> com.xuanyuan.pdf.PDFView:
    1:1:void <clinit>():103:103 -> <clinit>
    1:1:void <init>(android.content.Context,android.util.AttributeSet):253:253 -> <init>
    2:164:void <init>(android.content.Context,android.util.AttributeSet):109:271 -> <init>
    1:1:com.xuanyuan.pdfviewer.DragPinchManager access$100(com.xuanyuan.pdf.PDFView):101:101 -> access$100
    1:1:void access$1000(com.xuanyuan.pdf.PDFView,boolean):101:101 -> access$1000
    1:1:void access$1100(com.xuanyuan.pdf.PDFView,com.xuanyuan.pdfviewer.source.DocumentSource,java.lang.String,int[]):101:101 -> access$1100
    1:1:void access$1200(com.xuanyuan.pdf.PDFView,com.xuanyuan.pdfviewer.source.DocumentSource,java.lang.String):101:101 -> access$1200
    1:1:boolean access$200(com.xuanyuan.pdf.PDFView):101:101 -> access$200
    1:1:com.xuanyuan.pdf.PDFView$Configurator access$302(com.xuanyuan.pdf.PDFView,com.xuanyuan.pdf.PDFView$Configurator):101:101 -> access$302
    1:1:void access$400(com.xuanyuan.pdf.PDFView,int):101:101 -> access$400
    1:1:void access$500(com.xuanyuan.pdf.PDFView,boolean):101:101 -> access$500
    1:1:void access$600(com.xuanyuan.pdf.PDFView,com.xuanyuan.pdfviewer.scroll.ScrollHandle):101:101 -> access$600
    1:1:void access$700(com.xuanyuan.pdf.PDFView,int):101:101 -> access$700
    1:1:void access$800(com.xuanyuan.pdf.PDFView,boolean):101:101 -> access$800
    1:1:void access$900(com.xuanyuan.pdf.PDFView,com.xuanyuan.pdfviewer.util.FitPolicy):101:101 -> access$900
com.xuanyuan.pdf.PDFView$Configurator -> com.xuanyuan.pdf.PDFView$Configurator:
    1:1:void <init>(com.xuanyuan.pdf.PDFView,com.xuanyuan.pdfviewer.source.DocumentSource,com.xuanyuan.pdf.PDFView$1):1329:1329 -> <init>
    2:2:void <init>(com.xuanyuan.pdf.PDFView,com.xuanyuan.pdfviewer.source.DocumentSource):1387:1387 -> <init>
    3:58:void <init>(com.xuanyuan.pdf.PDFView,com.xuanyuan.pdfviewer.source.DocumentSource):1333:1388 -> <init>
    1:1:com.xuanyuan.pdf.PDFView$Configurator autoSpacing(boolean):1497:1497 -> autoSpacing
    1:1:com.xuanyuan.pdf.PDFView$Configurator defaultPage(int):1467:1467 -> defaultPage
    1:1:com.xuanyuan.pdf.PDFView$Configurator disableLongpress():1527:1527 -> disableLongpress
    2:2:void com.xuanyuan.pdfviewer.DragPinchManager.disableLongpress():67:67 -> disableLongpress
    2:2:com.xuanyuan.pdf.PDFView$Configurator disableLongpress():1527 -> disableLongpress
    1:1:com.xuanyuan.pdf.PDFView$Configurator enableAnnotationRendering(boolean):1407:1407 -> enableAnnotationRendering
    1:1:com.xuanyuan.pdf.PDFView$Configurator enableAntialiasing(boolean):1487:1487 -> enableAntialiasing
    1:1:com.xuanyuan.pdf.PDFView$Configurator enableDoubletap(boolean):1402:1402 -> enableDoubletap
    1:1:com.xuanyuan.pdf.PDFView$Configurator enableSwipe(boolean):1397:1397 -> enableSwipe
    1:1:com.xuanyuan.pdf.PDFView$Configurator fitEachPage(boolean):1507:1507 -> fitEachPage
com.xuanyuan.pdf.PDFView$ScrollDir -> com.xuanyuan.pdf.PDFView$ScrollDir:
    1:1:void <clinit>():119:119 -> <clinit>
    2:2:void <clinit>():118:118 -> <clinit>
    1:1:void <init>(java.lang.String,int):118:118 -> <init>
    1:1:com.xuanyuan.pdf.PDFView$ScrollDir valueOf(java.lang.String):118:118 -> valueOf
    1:1:com.xuanyuan.pdf.PDFView$ScrollDir[] values():118:118 -> values
com.xuanyuan.pdf.PDFView$State -> com.xuanyuan.pdf.PDFView$State:
    1:1:void <clinit>():1327:1327 -> <clinit>
    1:1:void <init>(java.lang.String,int):1327:1327 -> <init>
    1:1:com.xuanyuan.pdf.PDFView$State valueOf(java.lang.String):1327:1327 -> valueOf
    1:1:com.xuanyuan.pdf.PDFView$State[] values():1327:1327 -> values