Pdfview/build/outputs/mapping/release/usage.txt
com.xuanyuan.pdfviewer.RenderingHandler:
    public static final int MSG_RENDER_TASK
com.xuanyuan.pdfviewer.util.Constants:
    public void <init>()
com.xuanyuan.pdfviewer.util.Constants$Cache:
    public void <init>()
com.xuanyuan.pdfviewer.BuildConfig
com.xuanyuan.pdfviewer.util.FileUtils:
    private void <init>()
com.xuanyuan.pdfviewer.util.Constants$Pinch:
    public void <init>()
com.xuanyuan.pdfviewer.util.ArrayUtils
com.xuanyuan.pdfviewer.scroll.DefaultScrollHandle:
    private static final int HANDLE_LONG
    private static final int HANDLE_SHORT
    private static final int DEFAULT_TEXT_SIZE
com.xuanyuan.pdfviewer.util.Util:
    public void <init>()
    private static final int DEFAULT_BUFFER_SIZE
com.xuanyuan.pdfviewer.exception.FileNotFoundException
com.xuanyuan.pdfviewer.model.LinkTapEvent:
    public float getOriginalX()
    public float getOriginalY()
    public float getDocumentX()
    public float getDocumentY()
    public android.graphics.RectF getMappedLinkRect()
com.xuanyuan.pdfviewer.util.MathUtils:
    private void <init>()
    public static int limit(int,int,int)
    public static int max(int,int)
    public static int min(int,int)
    private static final int BIG_ENOUGH_INT
    private static final double BIG_ENOUGH_FLOOR
    private static final double BIG_ENOUGH_CEIL
com.xuanyuan.pdfviewer.RenderingHandler:
    public static synthetic com.xuanyuan.pdf.PDFView access$000(com.xuanyuan.pdfviewer.RenderingHandler)
    public void addRenderingTask(int,float,float,android.graphics.RectF,boolean,int,boolean,boolean)
    public void stop()
    public void start()
    public final void calculateBounds(int,int,android.graphics.RectF)
com.xuanyuan.pdfviewer.scroll.ScrollHandle:
    public abstract void destroyLayout()
    public abstract boolean shown()
    public abstract void show()
    public abstract void hide()
    public abstract void hideDelayed()
com.xuanyuan.pdfviewer.util.Constants
com.xuanyuan.pdfviewer.util.Constants$Cache
com.xuanyuan.pdfviewer.PagesLoader$GridSize:
    public final synthetic com.xuanyuan.pdfviewer.PagesLoader this$0
com.xuanyuan.pdfviewer.DecodingAsyncTask:
    public varargs java.lang.Throwable doInBackground()
    public void onPostExecute(java.lang.Throwable)
    public final com.shockwave.pdfium.util.Size getViewSize(com.xuanyuan.pdf.PDFView)
com.xuanyuan.pdfviewer.PagesLoader:
    public void loadPages()
    public final void getPageColsRows(com.xuanyuan.pdfviewer.PagesLoader$GridSize,int)
    public final void calculatePartSize(com.xuanyuan.pdfviewer.PagesLoader$GridSize)
    public final java.util.List getRenderRangeList(float,float,float,float)
    public final void loadVisible()
    public final int loadPage(int,int,int,int,int,int)
    public final boolean loadCell(int,int,int,float,float)
    public final void loadThumbnail(int)
com.xuanyuan.pdfviewer.DragPinchManager:
    public void enable()
    public void disable()
    public void disableLongpress()
    public final boolean checkLinkTapped(float,float)
    public final void startPageFling(android.view.MotionEvent,android.view.MotionEvent,float,float)
    public final void onScrollEnd()
    public final void onBoundedFling(float,float)
    public final void hideHandle()
    public final boolean checkDoPageFling(float,float)
com.xuanyuan.pdfviewer.util.PageSizeCalculator:
    public com.shockwave.pdfium.util.SizeF calculate(com.shockwave.pdfium.util.Size)
    public com.shockwave.pdfium.util.SizeF getOptimalMaxWidthPageSize()
    public com.shockwave.pdfium.util.SizeF getOptimalMaxHeightPageSize()
com.xuanyuan.pdfviewer.model.PagePart:
    public int getCacheOrder()
    public int getPage()
    public android.graphics.Bitmap getRenderedBitmap()
    public android.graphics.RectF getPageRelativeBounds()
    public boolean isThumbnail()
    public void setCacheOrder(int)
com.xuanyuan.pdfviewer.PagesLoader$RenderRange:
    public final synthetic com.xuanyuan.pdfviewer.PagesLoader this$0